{"numTotalTestSuites":1,"numPassedTestSuites":0,"numFailedTestSuites":1,"numPendingTestSuites":0,"numTotalTests":2,"numPassedTests":1,"numFailedTests":1,"numPendingTests":0,"numTodoTests":0,"snapshot":{"added":0,"failure":false,"filesAdded":0,"filesRemoved":0,"filesRemovedList":[],"filesUnmatched":0,"filesUpdated":0,"matched":0,"total":0,"unchecked":0,"uncheckedKeysByFile":[],"unmatched":0,"updated":0,"didUpdate":false},"startTime":1789439028583,"success":false,"testResults":[{"assertionResults":[{"ancestorTitles":[],"fullName":"adds numbers","status":"passed","title":"adds numbers","duration":1.6053639999999803,"failureMessages":[],"meta":{},"tags":[],"benchmarks":[]},{"ancestorTitles":[],"fullName":"fails on purpose","status":"failed","title":"fails on purpose","duration":5.454746,"failureMessages":["AssertionError: expected 2 to be 3 // Object.is equality\n    at /private/tmp/cq-gates-fixtures.TA8IFi/sample.test.ts:8:17\n    at file:///Users/ctaylor/.paseo/worktrees/2ervy33o/lane-p2-c/node_modules/vitest/dist/chunks/run.CQOUYP-x.js:1628:35\n    at file:///Users/ctaylor/.paseo/worktrees/2ervy33o/lane-p2-c/node_modules/vitest/dist/chunks/run.CQOUYP-x.js:2783:26\n    at file:///Users/ctaylor/.paseo/worktrees/2ervy33o/lane-p2-c/node_modules/vitest/dist/chunks/run.CQOUYP-x.js:3319:20\n    at new Promise (<anonymous>)\n    at runWithCancel (file:///Users/ctaylor/.paseo/worktrees/2ervy33o/lane-p2-c/node_modules/vitest/dist/chunks/run.CQOUYP-x.js:3314:10)\n    at file:///Users/ctaylor/.paseo/worktrees/2ervy33o/lane-p2-c/node_modules/vitest/dist/chunks/run.CQOUYP-x.js:3299:20\n    at new Promise (<anonymous>)\n    at runWithTimeout (file:///Users/ctaylor/.paseo/worktrees/2ervy33o/lane-p2-c/node_modules/vitest/dist/chunks/run.CQOUYP-x.js:3257:10)\n    at file:///Users/ctaylor/.paseo/worktrees/2ervy33o/lane-p2-c/node_modules/vitest/dist/chunks/run.CQOUYP-x.js:3876:64"],"meta":{},"tags":[],"benchmarks":[]}],"startTime":1789439028764,"endTime":1789439028770.4548,"status":"failed","message":"","name":"/private/tmp/cq-gates-fixtures.TA8IFi/sample.test.ts"}]}